{"level":"error","message":"error TypeError: fetch failed"}
{"level":"error","message":"error TypeError: fetch failed"}
{"level":"error","message":"error TypeError: fetch failed"}
{"level":"error","message":"error TypeError: fetch failed"}
{"level":"error","message":"error TypeError: fetch failed"}
{"level":"error","message":"error TypeError: fetch failed"}
{"level":"error","message":"error TypeError: fetch failed"}
{"level":"error","message":"error TypeError: fetch failed"}
{"level":"error","message":"Error fetch undefined"}
{"level":"error","message":"Error fetch undefined"}
{"level":"error","message":"Error fetch undefined"}
{"level":"error","message":"Error fetch undefined"}
{"level":"info","message":"Posts gotten success"}
{"level":"info","message":"Posts gotten success"}
{"level":"info","message":"Posts gotten success"}
{"level":"info","message":"Posts gotten success"}
{"level":"info","message":"Posts gotten success"}
{"level":"info","message":"Posts gotten success"}
{"level":"info","message":"Posts gotten success"}
{"level":"info","message":"Posts gotten success"}
{"level":"info","message":"Posts gotten success"}
{"level":"info","message":"Posts gotten success"}
{"level":"info","message":{"slug":"introducao-ao-react"}}
{"level":"info","message":"Posts gotten success"}
{"level":"info","message":"Posts gotten success"}
{"level":"info","message":{"slug":"css-grid-na-pratica"}}
{"level":"info","message":"Posts gotten success"}
{"level":"info","message":{"slug":"introducao-ao-react"}}
{"level":"info","message":"Posts gotten success"}
{"level":"info","message":{"slug":"dicas-de-acessibilidade-web"}}
{"level":"info","message":"Posts gotten success"}
{"level":"info","message":"Posts gotten success"}
{"level":"info","message":"Posts gotten success"}
{"level":"info","message":"Posts gotten success"}
{"level":"info","message":{"slug":"introducao-ao-react"}}
{"level":"info","message":"Posts gotten success"}
{"level":"info","message":"Posts gotten success"}
{"level":"info","message":{"slug":"introducao-ao-react"}}
{"level":"info","message":"Posts gotten success"}
{"level":"info","message":{"slug":"introducao-ao-react"}}
{"level":"info","message":"Posts gotten success"}
{"level":"info","message":{"slug":"css-grid-na-pratica"}}
{"level":"info","message":"Posts gotten success"}
{"level":"info","message":"Posts gotten success"}
{"level":"info","message":"Posts gotten success"}
{"level":"info","message":{"slug":"introducao-ao-react"}}
{"level":"info","message":"Posts gotten success"}
{"level":"info","message":{"slug":"vuejs-para-iniciantes"}}
{"level":"info","message":"Posts gotten success"}
{"level":"info","message":{"slug":"vuejs-para-iniciantes"}}
{"level":"info","message":"Posts gotten success"}
{"level":"info","message":{"slug":"vuejs-para-iniciantes"}}
{"level":"info","message":"Posts gotten success"}
{"level":"info","message":"Posts gotten success"}
{"level":"info","message":"Posts gotten success"}
{"level":"info","message":"Posts gotten success"}
{"level":"info","message":"Posts gotten success"}
{"level":"info","message":"Posts gotten success"}
{"level":"info","message":"Posts gotten success"}
{"level":"info","message":"Posts gotten success"}
{"level":"info","message":"Posts gotten success"}
{"level":"info","message":"Posts gotten success"}
{"level":"info","message":"Posts gotten success"}
{"level":"info","message":"Posts gotten success"}
{"level":"info","message":"Posts gotten success"}
{"level":"info","message":"Posts gotten success"}
{"level":"info","message":"Posts gotten success"}
{"level":"info","message":"Posts gotten success"}
{"level":"info","message":"Posts gotten success"}
{"level":"info","message":"Posts gotten success"}
{"level":"info","message":"Posts gotten success"}
{"level":"info","message":"Posts gotten success"}
{"level":"info","message":"Posts gotten success"}
{"level":"info","message":"Posts gotten success"}
{"level":"info","message":"Posts gotten success"}
{"level":"info","message":"Posts gotten success"}
{"level":"info","message":"Posts gotten success"}
{"error":{},"level":"error","message":"Fail to get post with slug","slug":"sass-simplificando-o-csss"}
{"error":{},"level":"error","message":"Fail to get post with slug","slug":"installHook.js.map"}
{"error":{},"level":"error","message":"Fail to get post with slug","slug":"sass-simplificando-o-csss"}
{"error":{},"level":"error","message":"Fail to get post with slug","slug":"sass-simplificando-o-csse"}
